[12-May-2023 01:13:53 UTC] PHP Warning:  Undefined array key "host" in /var/www/www.21deltaengineers.com/wp-includes/canonical.php on line 689
[12-May-2023 01:13:53 UTC] PHP Warning:  Undefined array key "host" in /var/www/www.21deltaengineers.com/wp-includes/canonical.php on line 698
[12-May-2023 01:13:53 UTC] PHP Warning:  Undefined array key "host" in /var/www/www.21deltaengineers.com/wp-includes/canonical.php on line 701
[12-May-2023 01:13:55 UTC] PHP Warning:  Undefined array key "host" in /var/www/www.21deltaengineers.com/wp-includes/canonical.php on line 689
[12-May-2023 01:13:55 UTC] PHP Warning:  Undefined array key "host" in /var/www/www.21deltaengineers.com/wp-includes/canonical.php on line 698
[12-May-2023 01:13:55 UTC] PHP Warning:  Undefined array key "host" in /var/www/www.21deltaengineers.com/wp-includes/canonical.php on line 701
[12-May-2023 01:14:05 UTC] PHP Warning:  Undefined array key "host" in /var/www/www.21deltaengineers.com/wp-includes/canonical.php on line 689
[12-May-2023 01:14:05 UTC] PHP Warning:  Undefined array key "host" in /var/www/www.21deltaengineers.com/wp-includes/canonical.php on line 698
[12-May-2023 01:14:05 UTC] PHP Warning:  Undefined array key "host" in /var/www/www.21deltaengineers.com/wp-includes/canonical.php on line 701
[13-May-2023 14:51:53 UTC] PHP Warning:  Undefined array key "host" in /var/www/www.21deltaengineers.com/wp-includes/canonical.php on line 689
[13-May-2023 14:51:53 UTC] PHP Warning:  Undefined array key "host" in /var/www/www.21deltaengineers.com/wp-includes/canonical.php on line 698
[13-May-2023 14:51:53 UTC] PHP Warning:  Undefined array key "host" in /var/www/www.21deltaengineers.com/wp-includes/canonical.php on line 701
[14-May-2023 20:50:08 UTC] PHP Warning:  Undefined array key "host" in /var/www/www.21deltaengineers.com/wp-includes/canonical.php on line 689
[14-May-2023 20:50:08 UTC] PHP Warning:  Undefined array key "host" in /var/www/www.21deltaengineers.com/wp-includes/canonical.php on line 698
[14-May-2023 20:50:08 UTC] PHP Warning:  Undefined array key "host" in /var/www/www.21deltaengineers.com/wp-includes/canonical.php on line 701
[14-May-2023 20:52:17 UTC] PHP Warning:  Undefined array key "host" in /var/www/www.21deltaengineers.com/wp-includes/canonical.php on line 689
[14-May-2023 20:52:17 UTC] PHP Warning:  Undefined array key "host" in /var/www/www.21deltaengineers.com/wp-includes/canonical.php on line 698
[14-May-2023 20:52:17 UTC] PHP Warning:  Undefined array key "host" in /var/www/www.21deltaengineers.com/wp-includes/canonical.php on line 701
[15-May-2023 12:13:36 UTC] PHP Warning:  Undefined array key "host" in /var/www/www.21deltaengineers.com/wp-includes/canonical.php on line 689
[15-May-2023 12:13:36 UTC] PHP Warning:  Undefined array key "host" in /var/www/www.21deltaengineers.com/wp-includes/canonical.php on line 698
[15-May-2023 12:13:36 UTC] PHP Warning:  Undefined array key "host" in /var/www/www.21deltaengineers.com/wp-includes/canonical.php on line 701
[15-May-2023 12:13:39 UTC] PHP Warning:  Undefined array key "host" in /var/www/www.21deltaengineers.com/wp-includes/canonical.php on line 689
[15-May-2023 12:13:39 UTC] PHP Warning:  Undefined array key "host" in /var/www/www.21deltaengineers.com/wp-includes/canonical.php on line 698
[15-May-2023 12:13:39 UTC] PHP Warning:  Undefined array key "host" in /var/www/www.21deltaengineers.com/wp-includes/canonical.php on line 701
[15-May-2023 12:13:48 UTC] PHP Warning:  Undefined array key "host" in /var/www/www.21deltaengineers.com/wp-includes/canonical.php on line 689
[15-May-2023 12:13:48 UTC] PHP Warning:  Undefined array key "host" in /var/www/www.21deltaengineers.com/wp-includes/canonical.php on line 698
[15-May-2023 12:13:48 UTC] PHP Warning:  Undefined array key "host" in /var/www/www.21deltaengineers.com/wp-includes/canonical.php on line 701
[15-May-2023 14:00:38 UTC] PHP Warning:  Undefined array key "host" in /var/www/www.21deltaengineers.com/wp-includes/canonical.php on line 689
[15-May-2023 14:00:38 UTC] PHP Warning:  Undefined array key "host" in /var/www/www.21deltaengineers.com/wp-includes/canonical.php on line 698
[15-May-2023 14:00:38 UTC] PHP Warning:  Undefined array key "host" in /var/www/www.21deltaengineers.com/wp-includes/canonical.php on line 701
[15-May-2023 14:02:34 UTC] PHP Warning:  Undefined array key "host" in /var/www/www.21deltaengineers.com/wp-includes/canonical.php on line 689
[15-May-2023 14:02:34 UTC] PHP Warning:  Undefined array key "host" in /var/www/www.21deltaengineers.com/wp-includes/canonical.php on line 698
[15-May-2023 14:02:34 UTC] PHP Warning:  Undefined array key "host" in /var/www/www.21deltaengineers.com/wp-includes/canonical.php on line 701
[15-May-2023 22:21:28 UTC] PHP Warning:  Undefined array key "host" in /var/www/www.21deltaengineers.com/wp-includes/canonical.php on line 689
[15-May-2023 22:21:28 UTC] PHP Warning:  Undefined array key "host" in /var/www/www.21deltaengineers.com/wp-includes/canonical.php on line 698
[15-May-2023 22:21:28 UTC] PHP Warning:  Undefined array key "host" in /var/www/www.21deltaengineers.com/wp-includes/canonical.php on line 701
[15-May-2023 22:23:11 UTC] PHP Warning:  Undefined array key "host" in /var/www/www.21deltaengineers.com/wp-includes/canonical.php on line 689
[15-May-2023 22:23:11 UTC] PHP Warning:  Undefined array key "host" in /var/www/www.21deltaengineers.com/wp-includes/canonical.php on line 698
[15-May-2023 22:23:11 UTC] PHP Warning:  Undefined array key "host" in /var/www/www.21deltaengineers.com/wp-includes/canonical.php on line 701
[16-May-2023 07:46:44 UTC] PHP Warning:  Undefined array key "host" in /var/www/www.21deltaengineers.com/wp-includes/canonical.php on line 689
[16-May-2023 07:46:44 UTC] PHP Warning:  Undefined array key "host" in /var/www/www.21deltaengineers.com/wp-includes/canonical.php on line 698
[16-May-2023 07:46:44 UTC] PHP Warning:  Undefined array key "host" in /var/www/www.21deltaengineers.com/wp-includes/canonical.php on line 701
[16-May-2023 08:14:29 UTC] PHP Warning:  Undefined array key "host" in /var/www/www.21deltaengineers.com/wp-includes/canonical.php on line 689
[16-May-2023 08:14:29 UTC] PHP Warning:  Undefined array key "host" in /var/www/www.21deltaengineers.com/wp-includes/canonical.php on line 698
[16-May-2023 08:14:29 UTC] PHP Warning:  Undefined array key "host" in /var/www/www.21deltaengineers.com/wp-includes/canonical.php on line 701
[22-May-2023 15:51:07 UTC] PHP Warning:  Undefined array key "host" in /var/www/www.21deltaengineers.com/wp-includes/canonical.php on line 689
[22-May-2023 15:51:07 UTC] PHP Warning:  Undefined array key "host" in /var/www/www.21deltaengineers.com/wp-includes/canonical.php on line 698
[22-May-2023 15:51:07 UTC] PHP Warning:  Undefined array key "host" in /var/www/www.21deltaengineers.com/wp-includes/canonical.php on line 701
[22-May-2023 16:17:18 UTC] PHP Warning:  Undefined array key "host" in /var/www/www.21deltaengineers.com/wp-includes/canonical.php on line 689
[22-May-2023 16:17:18 UTC] PHP Warning:  Undefined array key "host" in /var/www/www.21deltaengineers.com/wp-includes/canonical.php on line 698
[22-May-2023 16:17:18 UTC] PHP Warning:  Undefined array key "host" in /var/www/www.21deltaengineers.com/wp-includes/canonical.php on line 701
[23-May-2023 07:06:10 UTC] PHP Warning:  Undefined array key "host" in /var/www/www.21deltaengineers.com/wp-includes/canonical.php on line 689
[23-May-2023 07:06:10 UTC] PHP Warning:  Undefined array key "host" in /var/www/www.21deltaengineers.com/wp-includes/canonical.php on line 698
[23-May-2023 07:06:10 UTC] PHP Warning:  Undefined array key "host" in /var/www/www.21deltaengineers.com/wp-includes/canonical.php on line 701
[23-May-2023 07:08:14 UTC] PHP Warning:  Undefined array key "host" in /var/www/www.21deltaengineers.com/wp-includes/canonical.php on line 689
[23-May-2023 07:08:14 UTC] PHP Warning:  Undefined array key "host" in /var/www/www.21deltaengineers.com/wp-includes/canonical.php on line 698
[23-May-2023 07:08:14 UTC] PHP Warning:  Undefined array key "host" in /var/www/www.21deltaengineers.com/wp-includes/canonical.php on line 701
[07-Jun-2023 17:19:57 UTC] PHP Warning:  Undefined array key "host" in /var/www/www.21deltaengineers.com/wp-includes/canonical.php on line 689
[07-Jun-2023 17:19:57 UTC] PHP Warning:  Undefined array key "host" in /var/www/www.21deltaengineers.com/wp-includes/canonical.php on line 698
[07-Jun-2023 17:19:57 UTC] PHP Warning:  Undefined array key "host" in /var/www/www.21deltaengineers.com/wp-includes/canonical.php on line 701
[10-Jun-2023 18:16:21 UTC] PHP Warning:  Undefined array key "host" in /var/www/www.21deltaengineers.com/wp-includes/canonical.php on line 689
[10-Jun-2023 18:16:21 UTC] PHP Warning:  Undefined array key "host" in /var/www/www.21deltaengineers.com/wp-includes/canonical.php on line 698
[10-Jun-2023 18:16:21 UTC] PHP Warning:  Undefined array key "host" in /var/www/www.21deltaengineers.com/wp-includes/canonical.php on line 701
[11-Jun-2023 21:31:11 UTC] PHP Warning:  Undefined array key "host" in /var/www/www.21deltaengineers.com/wp-includes/canonical.php on line 689
[11-Jun-2023 21:31:11 UTC] PHP Warning:  Undefined array key "host" in /var/www/www.21deltaengineers.com/wp-includes/canonical.php on line 698
[11-Jun-2023 21:31:11 UTC] PHP Warning:  Undefined array key "host" in /var/www/www.21deltaengineers.com/wp-includes/canonical.php on line 701
[11-Jun-2023 21:31:16 UTC] PHP Warning:  Undefined array key "host" in /var/www/www.21deltaengineers.com/wp-includes/canonical.php on line 689
[11-Jun-2023 21:31:16 UTC] PHP Warning:  Undefined array key "host" in /var/www/www.21deltaengineers.com/wp-includes/canonical.php on line 698
[11-Jun-2023 21:31:16 UTC] PHP Warning:  Undefined array key "host" in /var/www/www.21deltaengineers.com/wp-includes/canonical.php on line 701
[11-Jun-2023 21:31:31 UTC] PHP Warning:  Undefined array key "host" in /var/www/www.21deltaengineers.com/wp-includes/canonical.php on line 689
[11-Jun-2023 21:31:31 UTC] PHP Warning:  Undefined array key "host" in /var/www/www.21deltaengineers.com/wp-includes/canonical.php on line 698
[11-Jun-2023 21:31:31 UTC] PHP Warning:  Undefined array key "host" in /var/www/www.21deltaengineers.com/wp-includes/canonical.php on line 701
[16-Jun-2023 09:32:08 UTC] PHP Warning:  Undefined array key "host" in /var/www/www.21deltaengineers.com/wp-includes/canonical.php on line 689
[16-Jun-2023 09:32:08 UTC] PHP Warning:  Undefined array key "host" in /var/www/www.21deltaengineers.com/wp-includes/canonical.php on line 698
[16-Jun-2023 09:32:08 UTC] PHP Warning:  Undefined array key "host" in /var/www/www.21deltaengineers.com/wp-includes/canonical.php on line 701
[16-Jun-2023 09:33:43 UTC] PHP Warning:  Undefined array key "host" in /var/www/www.21deltaengineers.com/wp-includes/canonical.php on line 689
[16-Jun-2023 09:33:43 UTC] PHP Warning:  Undefined array key "host" in /var/www/www.21deltaengineers.com/wp-includes/canonical.php on line 698
[16-Jun-2023 09:33:43 UTC] PHP Warning:  Undefined array key "host" in /var/www/www.21deltaengineers.com/wp-includes/canonical.php on line 701
[19-Jun-2023 22:29:36 UTC] PHP Warning:  Undefined array key "host" in /var/www/www.21deltaengineers.com/wp-includes/canonical.php on line 689
[19-Jun-2023 22:29:36 UTC] PHP Warning:  Undefined array key "host" in /var/www/www.21deltaengineers.com/wp-includes/canonical.php on line 698
[19-Jun-2023 22:29:36 UTC] PHP Warning:  Undefined array key "host" in /var/www/www.21deltaengineers.com/wp-includes/canonical.php on line 701
[19-Jun-2023 22:32:00 UTC] PHP Warning:  Undefined array key "host" in /var/www/www.21deltaengineers.com/wp-includes/canonical.php on line 689
[19-Jun-2023 22:32:00 UTC] PHP Warning:  Undefined array key "host" in /var/www/www.21deltaengineers.com/wp-includes/canonical.php on line 698
[19-Jun-2023 22:32:00 UTC] PHP Warning:  Undefined array key "host" in /var/www/www.21deltaengineers.com/wp-includes/canonical.php on line 701
[20-Jun-2023 00:52:30 UTC] PHP Warning:  Undefined array key "host" in /var/www/www.21deltaengineers.com/wp-includes/canonical.php on line 689
[20-Jun-2023 00:52:30 UTC] PHP Warning:  Undefined array key "host" in /var/www/www.21deltaengineers.com/wp-includes/canonical.php on line 698
[20-Jun-2023 00:52:30 UTC] PHP Warning:  Undefined array key "host" in /var/www/www.21deltaengineers.com/wp-includes/canonical.php on line 701
[22-Jun-2023 12:19:54 UTC] PHP Warning:  Undefined array key "host" in /var/www/www.21deltaengineers.com/wp-includes/canonical.php on line 689
[22-Jun-2023 12:19:54 UTC] PHP Warning:  Undefined array key "host" in /var/www/www.21deltaengineers.com/wp-includes/canonical.php on line 698
[22-Jun-2023 12:19:54 UTC] PHP Warning:  Undefined array key "host" in /var/www/www.21deltaengineers.com/wp-includes/canonical.php on line 701
[22-Jun-2023 12:20:08 UTC] PHP Warning:  Undefined array key "host" in /var/www/www.21deltaengineers.com/wp-includes/canonical.php on line 689
[22-Jun-2023 12:20:08 UTC] PHP Warning:  Undefined array key "host" in /var/www/www.21deltaengineers.com/wp-includes/canonical.php on line 698
[22-Jun-2023 12:20:08 UTC] PHP Warning:  Undefined array key "host" in /var/www/www.21deltaengineers.com/wp-includes/canonical.php on line 701
[27-Jun-2023 00:44:46 UTC] PHP Warning:  Undefined array key "host" in /var/www/www.21deltaengineers.com/wp-includes/canonical.php on line 689
[27-Jun-2023 00:44:46 UTC] PHP Warning:  Undefined array key "host" in /var/www/www.21deltaengineers.com/wp-includes/canonical.php on line 698
[27-Jun-2023 00:44:46 UTC] PHP Warning:  Undefined array key "host" in /var/www/www.21deltaengineers.com/wp-includes/canonical.php on line 701
[27-Jun-2023 00:44:52 UTC] PHP Warning:  Undefined array key "host" in /var/www/www.21deltaengineers.com/wp-includes/canonical.php on line 689
[27-Jun-2023 00:44:52 UTC] PHP Warning:  Undefined array key "host" in /var/www/www.21deltaengineers.com/wp-includes/canonical.php on line 698
[27-Jun-2023 00:44:52 UTC] PHP Warning:  Undefined array key "host" in /var/www/www.21deltaengineers.com/wp-includes/canonical.php on line 701
[28-Jun-2023 01:42:06 UTC] PHP Warning:  Undefined array key "host" in /var/www/www.21deltaengineers.com/wp-includes/canonical.php on line 689
[28-Jun-2023 01:42:06 UTC] PHP Warning:  Undefined array key "host" in /var/www/www.21deltaengineers.com/wp-includes/canonical.php on line 698
[28-Jun-2023 01:42:06 UTC] PHP Warning:  Undefined array key "host" in /var/www/www.21deltaengineers.com/wp-includes/canonical.php on line 701
[28-Jun-2023 01:42:09 UTC] PHP Warning:  Undefined array key "host" in /var/www/www.21deltaengineers.com/wp-includes/canonical.php on line 689
[28-Jun-2023 01:42:09 UTC] PHP Warning:  Undefined array key "host" in /var/www/www.21deltaengineers.com/wp-includes/canonical.php on line 698
[28-Jun-2023 01:42:09 UTC] PHP Warning:  Undefined array key "host" in /var/www/www.21deltaengineers.com/wp-includes/canonical.php on line 701
[28-Jun-2023 01:42:19 UTC] PHP Warning:  Undefined array key "host" in /var/www/www.21deltaengineers.com/wp-includes/canonical.php on line 689
[28-Jun-2023 01:42:19 UTC] PHP Warning:  Undefined array key "host" in /var/www/www.21deltaengineers.com/wp-includes/canonical.php on line 698
[28-Jun-2023 01:42:19 UTC] PHP Warning:  Undefined array key "host" in /var/www/www.21deltaengineers.com/wp-includes/canonical.php on line 701
[10-Jul-2023 08:46:56 UTC] PHP Warning:  Undefined array key "host" in /var/www/www.21deltaengineers.com/wp-includes/canonical.php on line 689
[10-Jul-2023 08:46:56 UTC] PHP Warning:  Undefined array key "host" in /var/www/www.21deltaengineers.com/wp-includes/canonical.php on line 698
[10-Jul-2023 08:46:56 UTC] PHP Warning:  Undefined array key "host" in /var/www/www.21deltaengineers.com/wp-includes/canonical.php on line 701
[13-Jul-2023 16:03:36 UTC] PHP Warning:  Undefined array key "host" in /var/www/www.21deltaengineers.com/wp-includes/canonical.php on line 689
[13-Jul-2023 16:03:36 UTC] PHP Warning:  Undefined array key "host" in /var/www/www.21deltaengineers.com/wp-includes/canonical.php on line 698
[13-Jul-2023 16:03:36 UTC] PHP Warning:  Undefined array key "host" in /var/www/www.21deltaengineers.com/wp-includes/canonical.php on line 701
[13-Jul-2023 16:03:43 UTC] PHP Warning:  Undefined array key "host" in /var/www/www.21deltaengineers.com/wp-includes/canonical.php on line 689
[13-Jul-2023 16:03:43 UTC] PHP Warning:  Undefined array key "host" in /var/www/www.21deltaengineers.com/wp-includes/canonical.php on line 698
[13-Jul-2023 16:03:43 UTC] PHP Warning:  Undefined array key "host" in /var/www/www.21deltaengineers.com/wp-includes/canonical.php on line 701
[13-Jul-2023 16:03:49 UTC] PHP Warning:  Undefined array key "host" in /var/www/www.21deltaengineers.com/wp-includes/canonical.php on line 689
[13-Jul-2023 16:03:49 UTC] PHP Warning:  Undefined array key "host" in /var/www/www.21deltaengineers.com/wp-includes/canonical.php on line 698
[13-Jul-2023 16:03:49 UTC] PHP Warning:  Undefined array key "host" in /var/www/www.21deltaengineers.com/wp-includes/canonical.php on line 701
[16-Jul-2023 06:12:05 UTC] PHP Warning:  Undefined array key "host" in /var/www/www.21deltaengineers.com/wp-includes/canonical.php on line 689
[16-Jul-2023 06:12:05 UTC] PHP Warning:  Undefined array key "host" in /var/www/www.21deltaengineers.com/wp-includes/canonical.php on line 698
[16-Jul-2023 06:12:05 UTC] PHP Warning:  Undefined array key "host" in /var/www/www.21deltaengineers.com/wp-includes/canonical.php on line 701
[16-Jul-2023 06:13:56 UTC] PHP Warning:  Undefined array key "host" in /var/www/www.21deltaengineers.com/wp-includes/canonical.php on line 689
[16-Jul-2023 06:13:56 UTC] PHP Warning:  Undefined array key "host" in /var/www/www.21deltaengineers.com/wp-includes/canonical.php on line 698
[16-Jul-2023 06:13:56 UTC] PHP Warning:  Undefined array key "host" in /var/www/www.21deltaengineers.com/wp-includes/canonical.php on line 701
[22-Jul-2023 07:03:22 UTC] PHP Warning:  Undefined array key "host" in /var/www/www.21deltaengineers.com/wp-includes/canonical.php on line 689
[22-Jul-2023 07:03:22 UTC] PHP Warning:  Undefined array key "host" in /var/www/www.21deltaengineers.com/wp-includes/canonical.php on line 698
[22-Jul-2023 07:03:22 UTC] PHP Warning:  Undefined array key "host" in /var/www/www.21deltaengineers.com/wp-includes/canonical.php on line 701
[26-Jul-2023 12:48:37 UTC] PHP Warning:  Undefined array key "host" in /var/www/www.21deltaengineers.com/wp-includes/canonical.php on line 689
[26-Jul-2023 12:48:37 UTC] PHP Warning:  Undefined array key "host" in /var/www/www.21deltaengineers.com/wp-includes/canonical.php on line 698
[26-Jul-2023 12:48:37 UTC] PHP Warning:  Undefined array key "host" in /var/www/www.21deltaengineers.com/wp-includes/canonical.php on line 701
[03-Aug-2023 07:45:28 UTC] PHP Warning:  Undefined array key "host" in /var/www/www.21deltaengineers.com/wp-includes/canonical.php on line 689
[03-Aug-2023 07:45:28 UTC] PHP Warning:  Undefined array key "host" in /var/www/www.21deltaengineers.com/wp-includes/canonical.php on line 698
[03-Aug-2023 07:45:28 UTC] PHP Warning:  Undefined array key "host" in /var/www/www.21deltaengineers.com/wp-includes/canonical.php on line 701
[03-Aug-2023 08:35:34 UTC] PHP Warning:  Undefined array key "host" in /var/www/www.21deltaengineers.com/wp-includes/canonical.php on line 689
[03-Aug-2023 08:35:34 UTC] PHP Warning:  Undefined array key "host" in /var/www/www.21deltaengineers.com/wp-includes/canonical.php on line 698
[03-Aug-2023 08:35:34 UTC] PHP Warning:  Undefined array key "host" in /var/www/www.21deltaengineers.com/wp-includes/canonical.php on line 701
[08-Aug-2023 13:06:28 UTC] PHP Warning:  Undefined array key "host" in /var/www/www.21deltaengineers.com/wp-includes/canonical.php on line 689
[08-Aug-2023 13:06:28 UTC] PHP Warning:  Undefined array key "host" in /var/www/www.21deltaengineers.com/wp-includes/canonical.php on line 698
[08-Aug-2023 13:06:28 UTC] PHP Warning:  Undefined array key "host" in /var/www/www.21deltaengineers.com/wp-includes/canonical.php on line 701
[08-Aug-2023 13:06:35 UTC] PHP Warning:  Undefined array key "host" in /var/www/www.21deltaengineers.com/wp-includes/canonical.php on line 689
[08-Aug-2023 13:06:35 UTC] PHP Warning:  Undefined array key "host" in /var/www/www.21deltaengineers.com/wp-includes/canonical.php on line 698
[08-Aug-2023 13:06:35 UTC] PHP Warning:  Undefined array key "host" in /var/www/www.21deltaengineers.com/wp-includes/canonical.php on line 701
[08-Aug-2023 13:06:40 UTC] PHP Warning:  Undefined array key "host" in /var/www/www.21deltaengineers.com/wp-includes/canonical.php on line 689
[08-Aug-2023 13:06:40 UTC] PHP Warning:  Undefined array key "host" in /var/www/www.21deltaengineers.com/wp-includes/canonical.php on line 698
[08-Aug-2023 13:06:40 UTC] PHP Warning:  Undefined array key "host" in /var/www/www.21deltaengineers.com/wp-includes/canonical.php on line 701
[11-Aug-2023 07:59:30 UTC] PHP Warning:  Undefined array key "host" in /var/www/www.21deltaengineers.com/wp-includes/canonical.php on line 689
[11-Aug-2023 07:59:30 UTC] PHP Warning:  Undefined array key "host" in /var/www/www.21deltaengineers.com/wp-includes/canonical.php on line 698
[11-Aug-2023 07:59:30 UTC] PHP Warning:  Undefined array key "host" in /var/www/www.21deltaengineers.com/wp-includes/canonical.php on line 701
[12-Aug-2023 02:35:50 UTC] PHP Warning:  Cannot modify header information - headers already sent in /var/www/www.21deltaengineers.com/wp-includes/pluggable.php on line 1427
[12-Aug-2023 02:35:50 UTC] PHP Warning:  Cannot modify header information - headers already sent in /var/www/www.21deltaengineers.com/wp-includes/pluggable.php on line 1430
[12-Aug-2023 10:52:06 UTC] PHP Warning:  Undefined array key "host" in /var/www/www.21deltaengineers.com/wp-includes/canonical.php on line 689
[12-Aug-2023 10:52:06 UTC] PHP Warning:  Undefined array key "host" in /var/www/www.21deltaengineers.com/wp-includes/canonical.php on line 698
[12-Aug-2023 10:52:06 UTC] PHP Warning:  Undefined array key "host" in /var/www/www.21deltaengineers.com/wp-includes/canonical.php on line 701
[12-Aug-2023 10:52:10 UTC] PHP Warning:  Undefined array key "host" in /var/www/www.21deltaengineers.com/wp-includes/canonical.php on line 689
[12-Aug-2023 10:52:10 UTC] PHP Warning:  Undefined array key "host" in /var/www/www.21deltaengineers.com/wp-includes/canonical.php on line 698
[12-Aug-2023 10:52:10 UTC] PHP Warning:  Undefined array key "host" in /var/www/www.21deltaengineers.com/wp-includes/canonical.php on line 701
[12-Aug-2023 10:52:19 UTC] PHP Warning:  Undefined array key "host" in /var/www/www.21deltaengineers.com/wp-includes/canonical.php on line 689
[12-Aug-2023 10:52:19 UTC] PHP Warning:  Undefined array key "host" in /var/www/www.21deltaengineers.com/wp-includes/canonical.php on line 698
[12-Aug-2023 10:52:19 UTC] PHP Warning:  Undefined array key "host" in /var/www/www.21deltaengineers.com/wp-includes/canonical.php on line 701
[16-Aug-2023 15:09:45 UTC] PHP Warning:  Undefined array key "host" in /var/www/www.21deltaengineers.com/wp-includes/canonical.php on line 691
[16-Aug-2023 15:09:45 UTC] PHP Warning:  Undefined array key "host" in /var/www/www.21deltaengineers.com/wp-includes/canonical.php on line 702
[16-Aug-2023 15:09:45 UTC] PHP Warning:  Undefined array key "host" in /var/www/www.21deltaengineers.com/wp-includes/canonical.php on line 705
[16-Aug-2023 15:11:35 UTC] PHP Warning:  Undefined array key "host" in /var/www/www.21deltaengineers.com/wp-includes/canonical.php on line 691
[16-Aug-2023 15:11:35 UTC] PHP Warning:  Undefined array key "host" in /var/www/www.21deltaengineers.com/wp-includes/canonical.php on line 702
[16-Aug-2023 15:11:35 UTC] PHP Warning:  Undefined array key "host" in /var/www/www.21deltaengineers.com/wp-includes/canonical.php on line 705
[20-Aug-2023 16:50:26 UTC] PHP Warning:  Undefined array key "host" in /var/www/www.21deltaengineers.com/wp-includes/canonical.php on line 691
[20-Aug-2023 16:50:26 UTC] PHP Warning:  Undefined array key "host" in /var/www/www.21deltaengineers.com/wp-includes/canonical.php on line 702
[20-Aug-2023 16:50:26 UTC] PHP Warning:  Undefined array key "host" in /var/www/www.21deltaengineers.com/wp-includes/canonical.php on line 705
[20-Aug-2023 16:50:36 UTC] PHP Warning:  Undefined array key "host" in /var/www/www.21deltaengineers.com/wp-includes/canonical.php on line 691
[20-Aug-2023 16:50:36 UTC] PHP Warning:  Undefined array key "host" in /var/www/www.21deltaengineers.com/wp-includes/canonical.php on line 702
[20-Aug-2023 16:50:36 UTC] PHP Warning:  Undefined array key "host" in /var/www/www.21deltaengineers.com/wp-includes/canonical.php on line 705
[21-Aug-2023 02:47:55 UTC] PHP Warning:  Undefined array key "host" in /var/www/www.21deltaengineers.com/wp-includes/canonical.php on line 691
[21-Aug-2023 02:47:55 UTC] PHP Warning:  Undefined array key "host" in /var/www/www.21deltaengineers.com/wp-includes/canonical.php on line 702
[21-Aug-2023 02:47:55 UTC] PHP Warning:  Undefined array key "host" in /var/www/www.21deltaengineers.com/wp-includes/canonical.php on line 705
[21-Aug-2023 10:06:48 UTC] PHP Warning:  Undefined array key "host" in /var/www/www.21deltaengineers.com/wp-includes/canonical.php on line 691
[21-Aug-2023 10:06:48 UTC] PHP Warning:  Undefined array key "host" in /var/www/www.21deltaengineers.com/wp-includes/canonical.php on line 702
[21-Aug-2023 10:06:48 UTC] PHP Warning:  Undefined array key "host" in /var/www/www.21deltaengineers.com/wp-includes/canonical.php on line 705
[24-Aug-2023 03:46:02 UTC] PHP Warning:  Undefined array key "host" in /var/www/www.21deltaengineers.com/wp-includes/canonical.php on line 691
[24-Aug-2023 03:46:02 UTC] PHP Warning:  Undefined array key "host" in /var/www/www.21deltaengineers.com/wp-includes/canonical.php on line 702
[24-Aug-2023 03:46:02 UTC] PHP Warning:  Undefined array key "host" in /var/www/www.21deltaengineers.com/wp-includes/canonical.php on line 705
[24-Aug-2023 18:29:24 UTC] PHP Warning:  Undefined array key "host" in /var/www/www.21deltaengineers.com/wp-includes/canonical.php on line 691
[24-Aug-2023 18:29:24 UTC] PHP Warning:  Undefined array key "host" in /var/www/www.21deltaengineers.com/wp-includes/canonical.php on line 702
[24-Aug-2023 18:29:24 UTC] PHP Warning:  Undefined array key "host" in /var/www/www.21deltaengineers.com/wp-includes/canonical.php on line 705
[24-Aug-2023 18:29:32 UTC] PHP Warning:  Undefined array key "host" in /var/www/www.21deltaengineers.com/wp-includes/canonical.php on line 691
[24-Aug-2023 18:29:32 UTC] PHP Warning:  Undefined array key "host" in /var/www/www.21deltaengineers.com/wp-includes/canonical.php on line 702
[24-Aug-2023 18:29:32 UTC] PHP Warning:  Undefined array key "host" in /var/www/www.21deltaengineers.com/wp-includes/canonical.php on line 705
[24-Aug-2023 18:29:36 UTC] PHP Warning:  Undefined array key "host" in /var/www/www.21deltaengineers.com/wp-includes/canonical.php on line 691
[24-Aug-2023 18:29:36 UTC] PHP Warning:  Undefined array key "host" in /var/www/www.21deltaengineers.com/wp-includes/canonical.php on line 702
[24-Aug-2023 18:29:36 UTC] PHP Warning:  Undefined array key "host" in /var/www/www.21deltaengineers.com/wp-includes/canonical.php on line 705
[25-Aug-2023 12:00:52 UTC] PHP Warning:  Undefined array key "host" in /var/www/www.21deltaengineers.com/wp-includes/canonical.php on line 691
[25-Aug-2023 12:00:52 UTC] PHP Warning:  Undefined array key "host" in /var/www/www.21deltaengineers.com/wp-includes/canonical.php on line 702
[25-Aug-2023 12:00:52 UTC] PHP Warning:  Undefined array key "host" in /var/www/www.21deltaengineers.com/wp-includes/canonical.php on line 705
[25-Aug-2023 12:00:57 UTC] PHP Warning:  Undefined array key "host" in /var/www/www.21deltaengineers.com/wp-includes/canonical.php on line 691
[25-Aug-2023 12:00:57 UTC] PHP Warning:  Undefined array key "host" in /var/www/www.21deltaengineers.com/wp-includes/canonical.php on line 702
[25-Aug-2023 12:00:57 UTC] PHP Warning:  Undefined array key "host" in /var/www/www.21deltaengineers.com/wp-includes/canonical.php on line 705
